<?xml version="1.0" encoding="utf-8"?><testsuites name="pytest tests"><testsuite name="pytest" errors="0" failures="0" skipped="0" tests="19" time="19.055" timestamp="2026-03-31T19:29:03.578407+00:00" hostname="agent-env-b83891da-ea3a-4a36-a747-d054c43b469d"><testcase classname="backend.tests.test_agency_os_api.TestHealthCheck" name="test_api_root_returns_200" time="0.249" /><testcase classname="backend.tests.test_agency_os_api.TestAuthentication" name="test_login_with_valid_admin_credentials" time="1.390" /><testcase classname="backend.tests.test_agency_os_api.TestAuthentication" name="test_login_with_invalid_credentials" time="0.326" /><testcase classname="backend.tests.test_agency_os_api.TestAuthentication" name="test_login_missing_password" time="0.130" /><testcase classname="backend.tests.test_agency_os_api.TestProtectedEndpoints" name="test_clients_without_auth_returns_403" time="0.127" /><testcase classname="backend.tests.test_agency_os_api.TestProtectedEndpoints" name="test_receipts_without_auth_returns_403" time="0.102" /><testcase classname="backend.tests.test_agency_os_api.TestClientsEndpoint" name="test_get_clients_list" time="1.643" /><testcase classname="backend.tests.test_agency_os_api.TestClientsEndpoint" name="test_create_client" time="2.537" /><testcase classname="backend.tests.test_agency_os_api.TestClientsEndpoint" name="test_create_client_invalid_email" time="1.080" /><testcase classname="backend.tests.test_agency_os_api.TestServicesEndpoint" name="test_get_services_list" time="0.354" /><testcase classname="backend.tests.test_agency_os_api.TestReceiptsEndpoint" name="test_get_all_receipts" time="1.413" /><testcase classname="backend.tests.test_agency_os_api.TestReceiptsEndpoint" name="test_get_pending_receipts_count" time="1.185" /><testcase classname="backend.tests.test_agency_os_api.TestDashboardStats" name="test_admin_dashboard_stats" time="1.567" /><testcase classname="backend.tests.test_agency_os_api.TestAuthMeEndpoint" name="test_get_current_user" time="1.042" /><testcase classname="backend.tests.test_agency_os_api.TestCalendarEvents" name="test_get_calendar_events" time="1.257" /><testcase classname="backend.tests.test_agency_os_api.TestCampaigns" name="test_get_campaigns" time="1.178" /><testcase classname="backend.tests.test_agency_os_api.TestNotifications" name="test_get_notifications" time="1.193" /><testcase classname="backend.tests.test_agency_os_api.TestNotifications" name="test_get_unread_count" time="1.118" /><testcase classname="backend.tests.test_agency_os_api.TestActivityLogs" name="test_get_activity_logs" time="1.098" /></testsuite></testsuites>