<?xml version="1.0" encoding="utf-8"?><testsuites name="pytest tests"><testsuite name="pytest" errors="0" failures="0" skipped="0" tests="15" time="17.461" timestamp="2026-03-31T21:04:13.551672+00:00" hostname="agent-env-b83891da-ea3a-4a36-a747-d054c43b469d"><testcase classname="backend.tests.test_iteration5_features.TestAdminLogin" name="test_admin_login_success" time="0.918" /><testcase classname="backend.tests.test_iteration5_features.TestUserPermissions" name="test_admin_permissions" time="1.335" /><testcase classname="backend.tests.test_iteration5_features.TestWhatsAppStatus" name="test_whatsapp_status_endpoint" time="0.990" /><testcase classname="backend.tests.test_iteration5_features.TestMetaOAuthStatus" name="test_meta_oauth_status_endpoint" time="1.017" /><testcase classname="backend.tests.test_iteration5_features.TestAdminReceipts" name="test_get_all_receipts" time="1.184" /><testcase classname="backend.tests.test_iteration5_features.TestAdminReceipts" name="test_get_pending_receipts_count" time="1.184" /><testcase classname="backend.tests.test_iteration5_features.TestNotifications" name="test_get_notifications" time="1.148" /><testcase classname="backend.tests.test_iteration5_features.TestNotifications" name="test_get_unread_count" time="1.171" /><testcase classname="backend.tests.test_iteration5_features.TestMetaAccounts" name="test_get_meta_accounts" time="1.274" /><testcase classname="backend.tests.test_iteration5_features.TestRevisions" name="test_get_revisions" time="1.230" /><testcase classname="backend.tests.test_iteration5_features.TestSidebarMenuItems" name="test_staff_endpoint" time="1.112" /><testcase classname="backend.tests.test_iteration5_features.TestSidebarMenuItems" name="test_clients_endpoint" time="1.402" /><testcase classname="backend.tests.test_iteration5_features.TestSidebarMenuItems" name="test_calendar_events_endpoint" time="1.105" /><testcase classname="backend.tests.test_iteration5_features.TestSidebarMenuItems" name="test_campaigns_endpoint" time="1.158" /><testcase classname="backend.tests.test_iteration5_features.TestSidebarMenuItems" name="test_activity_logs_endpoint" time="1.155" /></testsuite></testsuites>