<?xml version="1.0" encoding="utf-8"?><testsuites name="pytest tests"><testsuite name="pytest" errors="0" failures="0" skipped="0" tests="19" time="17.829" timestamp="2026-02-18T14:22:02.128931+00:00" hostname="agent-env-b83891da-ea3a-4a36-a747-d054c43b469d"><testcase classname="backend.tests.test_agency_os_api.TestHealthCheck" name="test_api_root_returns_200" time="0.178" /><testcase classname="backend.tests.test_agency_os_api.TestAuthentication" name="test_login_with_valid_admin_credentials" time="0.872" /><testcase classname="backend.tests.test_agency_os_api.TestAuthentication" name="test_login_with_invalid_credentials" time="0.354" /><testcase classname="backend.tests.test_agency_os_api.TestAuthentication" name="test_login_missing_password" time="0.116" /><testcase classname="backend.tests.test_agency_os_api.TestProtectedEndpoints" name="test_clients_without_auth_returns_403" time="0.138" /><testcase classname="backend.tests.test_agency_os_api.TestProtectedEndpoints" name="test_receipts_without_auth_returns_403" time="0.111" /><testcase classname="backend.tests.test_agency_os_api.TestClientsEndpoint" name="test_get_clients_list" time="1.176" /><testcase classname="backend.tests.test_agency_os_api.TestClientsEndpoint" name="test_create_client" time="2.198" /><testcase classname="backend.tests.test_agency_os_api.TestClientsEndpoint" name="test_create_client_invalid_email" time="1.096" /><testcase classname="backend.tests.test_agency_os_api.TestServicesEndpoint" name="test_get_services_list" time="0.284" /><testcase classname="backend.tests.test_agency_os_api.TestReceiptsEndpoint" name="test_get_all_receipts" time="1.220" /><testcase classname="backend.tests.test_agency_os_api.TestReceiptsEndpoint" name="test_get_pending_receipts_count" time="1.233" /><testcase classname="backend.tests.test_agency_os_api.TestDashboardStats" name="test_admin_dashboard_stats" time="1.718" /><testcase classname="backend.tests.test_agency_os_api.TestAuthMeEndpoint" name="test_get_current_user" time="1.059" /><testcase classname="backend.tests.test_agency_os_api.TestCalendarEvents" name="test_get_calendar_events" time="1.194" /><testcase classname="backend.tests.test_agency_os_api.TestCampaigns" name="test_get_campaigns" time="1.165" /><testcase classname="backend.tests.test_agency_os_api.TestNotifications" name="test_get_notifications" time="1.202" /><testcase classname="backend.tests.test_agency_os_api.TestNotifications" name="test_get_unread_count" time="1.195" /><testcase classname="backend.tests.test_agency_os_api.TestActivityLogs" name="test_get_activity_logs" time="1.241" /></testsuite></testsuites>