<?xml version="1.0" encoding="utf-8"?><testsuites name="pytest tests"><testsuite name="pytest" errors="0" failures="0" skipped="0" tests="10" time="62.789" timestamp="2026-04-01T20:55:29.766593+00:00" hostname="agent-env-b83891da-ea3a-4a36-a747-d054c43b469d"><testcase classname="tests.test_mail_and_logs.TestAuth" name="test_admin_login" time="1.141" /><testcase classname="tests.test_mail_and_logs.TestMailSettings" name="test_get_mail_settings" time="1.254" /><testcase classname="tests.test_mail_and_logs.TestMailSettings" name="test_save_mail_settings" time="0.783" /><testcase classname="tests.test_mail_and_logs.TestMailSettings" name="test_verify_saved_settings" time="0.614" /><testcase classname="tests.test_mail_and_logs.TestMailSettings" name="test_send_test_email" time="51.093" /><testcase classname="tests.test_mail_and_logs.TestMailSettings" name="test_mail_settings_requires_auth" time="4.327" /><testcase classname="tests.test_mail_and_logs.TestActivityLogs" name="test_get_activity_logs" time="1.525" /><testcase classname="tests.test_mail_and_logs.TestActivityLogs" name="test_activity_logs_requires_admin" time="0.108" /><testcase classname="tests.test_mail_and_logs.TestActivityLogs" name="test_activity_logs_field_names" time="0.648" /><testcase classname="tests.test_mail_and_logs.TestMailTemplates" name="test_get_mail_templates" time="1.231" /></testsuite></testsuites>